<?xml version="1.0" encoding="UTF-8"?>
<!-- Generated by org.testng.reporters.JUnitReportReporter -->
<testsuite hostname="edbb9dd5f51453f" failures="0" tests="2" name="com.restcountries.qa.RestAPITestJava.CapitalAPITest" time="4.634" errors="0" timestamp="2025-03-19T20:42:44 IST" skipped="0">
  <testcase classname="com.restcountries.qa.RestAPITestJava.CapitalAPITest" name="getCapitalWithInvalidDataTest" time="0.786"/>
  <testcase classname="com.restcountries.qa.RestAPITestJava.CapitalAPITest" name="getCapitalTest" time="3.848"/>
</testsuite> <!-- com.restcountries.qa.RestAPITestJava.CapitalAPITest -->
