<?xml version="1.0" encoding="UTF-8"?>
<!-- Generated by org.testng.reporters.JUnitReportReporter -->
<testsuite hostname="edbb9dd5f51453f" failures="0" tests="2" name="com.autify.qa.SeleniumJava.AutifyTest" time="187.223" errors="0" timestamp="2025-03-18T18:51:03 IST" skipped="0">
  <testcase classname="com.autify.qa.SeleniumJava.AutifyTest" name="signUpErrorMessageTest" time="95.876"/>
  <testcase classname="com.autify.qa.SeleniumJava.AutifyTest" name="newTabTest" time="91.347"/>
</testsuite> <!-- com.autify.qa.SeleniumJava.AutifyTest -->
