<?xml version="1.0" encoding="UTF-8"?>
<!-- Generated by org.testng.reporters.JUnitReportReporter -->
<testsuite hostname="edbb9dd5f51453f" failures="0" tests="1" name="com.autify.qa.SeleniumJava.AutifyTest" time="31.666" errors="0" timestamp="2025-03-17T23:15:10 IST" skipped="0">
  <testcase classname="com.autify.qa.SeleniumJava.AutifyTest" name="newTabTest" time="31.666"/>
</testsuite> <!-- com.autify.qa.SeleniumJava.AutifyTest -->
